[INFO ] 2023-12-10 15:17:03.250 [main] ReportManager - 
[0;7m------------------------------------------------------------------------------------------------------------------------------------------------
                                                    Powered by [1mSHAFT v.7.4.20231026[22m                                                    
------------------------------------------------------------------------------------------------------------------------------------------------
[0m
[INFO ] 2023-12-10 15:17:04.722 [main] ReportManager - Loaded OpenCV "opencv_java470".
[INFO ] 2023-12-10 15:17:04.722 [main] ReportManager - Initializing Allure Reporting Environment...
[INFO ] 2023-12-10 15:17:04.806 [main] ReportManager - Initializing Extent Reporting Environment...
[INFO ] 2023-12-10 15:17:05.063 [main] ReportManager - Initializing Summary Reporting Environment...
[INFO ] 2023-12-10 15:17:05.074 [main] ReportManager - TestNG run detected...
[INFO ] 2023-12-10 15:17:05.216 [main] ReportManager - Setting "targetOperatingSystem" property with "windows".
[INFO ] 2023-12-10 15:17:05.273 [main] ReportManager - Capabilities {acceptInsecureCerts: true, browserName: firefox, moz:debuggerAddress: true, moz:firefoxOptions: {log: {level: warn}, profile: UEsDBBQACAgIACJ6ilcAAAAAAAA...}, pageLoadStrategy: eager, timeouts: {pageLoad: 60000, script: 30000}, webSocketUrl: true}
[INFO ] 2023-12-10 15:17:05.277 [main] ReportManager - Attempting to run locally on: "windows | Firefox".
[INFO ] 2023-12-10 15:17:05.278 [main] ReportManager - Identifying OS/Driver combination. Please note that if a new browser/driver executable will be downloaded it may take some time depending on your connection...
[INFO ] 2023-12-10 15:17:13.406 [main] ReportManager - Successfully Opened: "windows | Firefox".
[ERROR] 2023-12-10 15:17:13.409 [main] AllureLifecycle - Could not start step: no test case running
[ERROR] 2023-12-10 15:17:13.415 [main] AllureLifecycle - Could not stop step: step with uuid 5427276b-b09d-45b7-a771-01264a7293eb not found
[INFO ] 2023-12-10 15:17:13.451 [main] ReportManager - Initial window size: (1291, 740)
[INFO ] 2023-12-10 15:17:13.729 [main] ReportManager - Window size after SWD Maximize: (1550, 830)
[INFO ] 2023-12-10 15:17:13.736 [main] ReportManager - Maximize window "New screen size is now: (1550, 830)".
[ERROR] 2023-12-10 15:17:13.737 [main] AllureLifecycle - Could not start step: no test case running
[ERROR] 2023-12-10 15:17:13.737 [main] AllureLifecycle - Could not stop step: step with uuid fe802937-2233-4b46-a336-e1f40ab3528a not found
[INFO ] 2023-12-10 15:17:13.886 [main] Utils - [TestNG] Running:
  C:\Users\fouad.ahmed\AppData\Local\JetBrains\IdeaIC2023.2\temp-testng-customsuite.xml

[INFO ] 2023-12-10 15:17:13.920 [main] ReportManager - 
[0;7m------------------------------------------------------------------------------------------------------------------------------------------------
                                             Starting execution of suite setup configuration method                                             
                                          'com.shaft.listeners.internal.ConfigurationHelper.suiteSetup'                                          
------------------------------------------------------------------------------------------------------------------------------------------------
[0m
[INFO ] 2023-12-10 15:17:13.943 [main] ReportManager - Initializing Important Links...
[INFO ] 2023-12-10 15:17:13.953 [main] ReportManager - Initializing Properties...
[INFO ] 2023-12-10 15:17:14.143 [main] ReportManager - 
[0;7m------------------------------------------------------------------------------------------------------------------------------------------------
                                  Starting execution of openbrowser navigate to home page configuration method                                  
                                              'POMoptimizationShaft.openbrowserNavigateToHomePage'                                              
------------------------------------------------------------------------------------------------------------------------------------------------
[0m
[INFO ] 2023-12-10 15:17:14.199 [main] ReportManager - Target URL: "https://automationexercise.com/"
[INFO ] 2023-12-10 15:17:14.225 [main] ReportManager - Initial URL: "about:blank"
[INFO ] 2023-12-10 15:17:17.751 [main] ReportManager - Navigate to url "https://automationexercise.com/".
[INFO ] 2023-12-10 15:17:17.751 [main] ReportManager - File Action "DoesFileExist" successfully performed. With the following test data "File Path: "src/test/resources/Test Data/TestData.json"".
[INFO ] 2023-12-10 15:17:17.751 [main] ReportManager - File Action "DoesFileExist" successfully performed. With the following test data "File Path: "src/test/resources/Test Data/TestData.json"".
[INFO ] 2023-12-10 15:17:17.751 [main] ReportManager - File Action "GetAbsolutePath" successfully performed. With the following test data "Relative Folder Path: "src/test/resources/Test Data/TestData.json"".
[INFO ] 2023-12-10 15:17:17.766 [main] ReportManager - Successfully created attachment 'Test Data - JSON'
[INFO ] 2023-12-10 15:17:17.815 [main] ReportManager - 
[0;7m------------------------------------------------------------------------------------------------------------------------------------------------
                                        Starting Execution: '1 out of 3' test cases in the current suite                                        
                                                    Test Method: 'POMoptimizationShaft.test1'                                                    
------------------------------------------------------------------------------------------------------------------------------------------------
[0m
[INFO ] 2023-12-10 15:17:17.830 [main] ReportManager - File Action "DoesFileExist" successfully performed. With the following test data "File Path: "src/test/resources/Test Data/TestData.json"".
[INFO ] 2023-12-10 15:17:17.830 [main] ReportManager - File Action "GetAbsolutePath" successfully performed. With the following test data "Relative Folder Path: "src/test/resources/Test Data/TestData.json"".
[INFO ] 2023-12-10 15:17:19.691 [main] ReportManager - Successfully created attachment 'SHAFT Engine Logs - Current Method log: test1'
[INFO ] 2023-12-10 15:17:19.691 [main] ReportManager - 
[0;7m------------------------------------------------------------------------------------------------------------------------------------------------
                                         Finished Execution of Test Method: 'POMoptimizationShaft.test1'                                         
                                                              Test Status: 'Passed'                                                              
------------------------------------------------------------------------------------------------------------------------------------------------
[0m
[INFO ] 2023-12-10 15:17:19.830 [main] ReportManager - 
[0;7m------------------------------------------------------------------------------------------------------------------------------------------------
                                        Starting Execution: '2 out of 3' test cases in the current suite                                        
                                                    Test Method: 'POMoptimizationShaft.test2'                                                    
------------------------------------------------------------------------------------------------------------------------------------------------
[0m
[INFO ] 2023-12-10 15:17:20.066 [main] ReportManager - Moved the mouse to the middle of the element.
[INFO ] 2023-12-10 15:17:20.415 [main] ReportManager - Click "By.xpath: //i[@class="fa fa-lock"]".
[INFO ] 2023-12-10 15:17:20.415 [main] ReportManager - File Action "DoesFileExist" successfully performed. With the following test data "File Path: "src/test/resources/Test Data/TestData.json"".
[INFO ] 2023-12-10 15:17:20.415 [main] ReportManager - File Action "GetAbsolutePath" successfully performed. With the following test data "Relative Folder Path: "src/test/resources/Test Data/TestData.json"".
[INFO ] 2023-12-10 15:17:21.526 [main] ReportManager - File Action "DoesFileExist" successfully performed. With the following test data "File Path: "src/test/resources/Test Data/TestData.json"".
[INFO ] 2023-12-10 15:17:21.526 [main] ReportManager - File Action "GetAbsolutePath" successfully performed. With the following test data "Relative Folder Path: "src/test/resources/Test Data/TestData.json"".
[INFO ] 2023-12-10 15:17:21.573 [main] ReportManager - File Action "DoesFileExist" successfully performed. With the following test data "File Path: "src/test/resources/Test Data/TestData.json"".
[INFO ] 2023-12-10 15:17:21.573 [main] ReportManager - File Action "GetAbsolutePath" successfully performed. With the following test data "Relative Folder Path: "src/test/resources/Test Data/TestData.json"".
[INFO ] 2023-12-10 15:17:21.706 [main] ReportManager - Type "Ahmed" into "Name".
[INFO ] 2023-12-10 15:17:21.763 [main] ReportManager - Type "ahmed5050222@gmail.com" into "Email Address".
[INFO ] 2023-12-10 15:17:21.953 [main] ReportManager - Moved the mouse to the middle of the element.
[INFO ] 2023-12-10 15:17:22.296 [main] ReportManager - Click "Signup".
[INFO ] 2023-12-10 15:17:22.297 [main] ReportManager - File Action "DoesFileExist" successfully performed. With the following test data "File Path: "src/test/resources/Test Data/TestData.json"".
[INFO ] 2023-12-10 15:17:22.297 [main] ReportManager - File Action "GetAbsolutePath" successfully performed. With the following test data "Relative Folder Path: "src/test/resources/Test Data/TestData.json"".
[INFO ] 2023-12-10 15:17:23.473 [main] ReportManager - Get text "ENTER ACCOUNT INFORMATION" from "By.xpath: //b[contains(text(),"Enter Account")]".
[INFO ] 2023-12-10 15:17:23.473 [main] ReportManager - Expected "ENTER ACCOUNT INFORMATION", and actual "ENTER ACCOUNT INFORMATION"
[INFO ] 2023-12-10 15:17:25.993 [main] ReportManager - Assertion "ValidateElementAttribute" PASSED. Expected "Value Should be 'ENTER ACCOUNT INFORMATION' for the 'text' attribute, element locator 'By.xpath: //b[contains(text(),"Enter Account")]'" and Actual "ENTER ACCOUNT INFORMATION". Comparison Type "EQUALS". Validation Type "POSITIVE".
[INFO ] 2023-12-10 15:17:26.056 [main] ReportManager - Successfully created attachment 'Screenshot - 1702214244474_test2_ValidateElementAttribute_passed'
[INFO ] 2023-12-10 15:17:26.072 [main] ReportManager - Successfully created attachment 'SHAFT Engine Logs - Current Method log: test2'
[INFO ] 2023-12-10 15:17:26.072 [main] ReportManager - 
[0;7m------------------------------------------------------------------------------------------------------------------------------------------------
                                         Finished Execution of Test Method: 'POMoptimizationShaft.test2'                                         
                                                              Test Status: 'Passed'                                                              
------------------------------------------------------------------------------------------------------------------------------------------------
[0m
[INFO ] 2023-12-10 15:17:26.089 [main] ReportManager - 
[0;7m------------------------------------------------------------------------------------------------------------------------------------------------
                                        Starting Execution: '3 out of 3' test cases in the current suite                                        
                                                    Test Method: 'POMoptimizationShaft.test3'                                                    
------------------------------------------------------------------------------------------------------------------------------------------------
[0m
[INFO ] 2023-12-10 15:17:26.089 [main] ReportManager - File Action "DoesFileExist" successfully performed. With the following test data "File Path: "src/test/resources/Test Data/TestData.json"".
[INFO ] 2023-12-10 15:17:26.089 [main] ReportManager - File Action "GetAbsolutePath" successfully performed. With the following test data "Relative Folder Path: "src/test/resources/Test Data/TestData.json"".
[INFO ] 2023-12-10 15:17:26.119 [main] ReportManager - File Action "DoesFileExist" successfully performed. With the following test data "File Path: "src/test/resources/Test Data/TestData.json"".
[INFO ] 2023-12-10 15:17:26.119 [main] ReportManager - File Action "GetAbsolutePath" successfully performed. With the following test data "Relative Folder Path: "src/test/resources/Test Data/TestData.json"".
[INFO ] 2023-12-10 15:17:26.135 [main] ReportManager - File Action "DoesFileExist" successfully performed. With the following test data "File Path: "src/test/resources/Test Data/TestData.json"".
[INFO ] 2023-12-10 15:17:26.135 [main] ReportManager - File Action "GetAbsolutePath" successfully performed. With the following test data "Relative Folder Path: "src/test/resources/Test Data/TestData.json"".
[INFO ] 2023-12-10 15:17:26.158 [main] ReportManager - File Action "DoesFileExist" successfully performed. With the following test data "File Path: "src/test/resources/Test Data/TestData.json"".
[INFO ] 2023-12-10 15:17:26.158 [main] ReportManager - File Action "GetAbsolutePath" successfully performed. With the following test data "Relative Folder Path: "src/test/resources/Test Data/TestData.json"".
[INFO ] 2023-12-10 15:17:26.183 [main] ReportManager - File Action "DoesFileExist" successfully performed. With the following test data "File Path: "src/test/resources/Test Data/TestData.json"".
[INFO ] 2023-12-10 15:17:26.183 [main] ReportManager - File Action "GetAbsolutePath" successfully performed. With the following test data "Relative Folder Path: "src/test/resources/Test Data/TestData.json"".
[INFO ] 2023-12-10 15:17:26.198 [main] ReportManager - File Action "DoesFileExist" successfully performed. With the following test data "File Path: "src/test/resources/Test Data/TestData.json"".
[INFO ] 2023-12-10 15:17:26.198 [main] ReportManager - File Action "GetAbsolutePath" successfully performed. With the following test data "Relative Folder Path: "src/test/resources/Test Data/TestData.json"".
[INFO ] 2023-12-10 15:17:26.225 [main] ReportManager - File Action "DoesFileExist" successfully performed. With the following test data "File Path: "src/test/resources/Test Data/TestData.json"".
[INFO ] 2023-12-10 15:17:26.225 [main] ReportManager - File Action "GetAbsolutePath" successfully performed. With the following test data "Relative Folder Path: "src/test/resources/Test Data/TestData.json"".
[INFO ] 2023-12-10 15:17:26.253 [main] ReportManager - File Action "DoesFileExist" successfully performed. With the following test data "File Path: "src/test/resources/Test Data/TestData.json"".
[INFO ] 2023-12-10 15:17:26.253 [main] ReportManager - File Action "GetAbsolutePath" successfully performed. With the following test data "Relative Folder Path: "src/test/resources/Test Data/TestData.json"".
[INFO ] 2023-12-10 15:17:26.269 [main] ReportManager - File Action "DoesFileExist" successfully performed. With the following test data "File Path: "src/test/resources/Test Data/TestData.json"".
[INFO ] 2023-12-10 15:17:26.269 [main] ReportManager - File Action "GetAbsolutePath" successfully performed. With the following test data "Relative Folder Path: "src/test/resources/Test Data/TestData.json"".
[INFO ] 2023-12-10 15:17:26.284 [main] ReportManager - File Action "DoesFileExist" successfully performed. With the following test data "File Path: "src/test/resources/Test Data/TestData.json"".
[INFO ] 2023-12-10 15:17:26.284 [main] ReportManager - File Action "GetAbsolutePath" successfully performed. With the following test data "Relative Folder Path: "src/test/resources/Test Data/TestData.json"".
[INFO ] 2023-12-10 15:17:26.316 [main] ReportManager - File Action "DoesFileExist" successfully performed. With the following test data "File Path: "src/test/resources/Test Data/TestData.json"".
[INFO ] 2023-12-10 15:17:26.316 [main] ReportManager - File Action "GetAbsolutePath" successfully performed. With the following test data "Relative Folder Path: "src/test/resources/Test Data/TestData.json"".
[INFO ] 2023-12-10 15:17:26.333 [main] ReportManager - File Action "DoesFileExist" successfully performed. With the following test data "File Path: "src/test/resources/Test Data/TestData.json"".
[INFO ] 2023-12-10 15:17:26.333 [main] ReportManager - File Action "GetAbsolutePath" successfully performed. With the following test data "Relative Folder Path: "src/test/resources/Test Data/TestData.json"".
[INFO ] 2023-12-10 15:17:26.348 [main] ReportManager - File Action "DoesFileExist" successfully performed. With the following test data "File Path: "src/test/resources/Test Data/TestData.json"".
[INFO ] 2023-12-10 15:17:26.348 [main] ReportManager - File Action "GetAbsolutePath" successfully performed. With the following test data "Relative Folder Path: "src/test/resources/Test Data/TestData.json"".
[INFO ] 2023-12-10 15:17:26.363 [main] ReportManager - File Action "DoesFileExist" successfully performed. With the following test data "File Path: "src/test/resources/Test Data/TestData.json"".
[INFO ] 2023-12-10 15:17:26.363 [main] ReportManager - File Action "GetAbsolutePath" successfully performed. With the following test data "Relative Folder Path: "src/test/resources/Test Data/TestData.json"".
[INFO ] 2023-12-10 15:17:26.569 [main] ReportManager - Moved the mouse to the middle of the element.
[INFO ] 2023-12-10 15:17:26.789 [main] ReportManager - Click "Mr.".
[INFO ] 2023-12-10 15:17:26.854 [main] ReportManager - Type "ahmed505051@gmail.com" into "Password *".
[INFO ] 2023-12-10 15:17:27.019 [main] ReportManager - Setting "skipTestsWithLinkedIssues" property with "true".
[INFO ] 2023-12-10 15:17:27.518 [main] ReportManager - Select "2" from "By.id: days".
[INFO ] 2023-12-10 15:17:27.597 [main] ReportManager - Setting "skipTestsWithLinkedIssues" property with "true".
[INFO ] 2023-12-10 15:17:28.021 [main] ReportManager - Select "January" from "By.id: months".
[INFO ] 2023-12-10 15:17:28.084 [main] ReportManager - Setting "skipTestsWithLinkedIssues" property with "true".
[INFO ] 2023-12-10 15:17:28.565 [main] ReportManager - Select "2020" from "By.id: years".
[INFO ] 2023-12-10 15:17:28.754 [main] ReportManager - Moved the mouse to the middle of the element.
[INFO ] 2023-12-10 15:17:28.974 [main] ReportManager - Click "Sign up for our newsletter!".
[INFO ] 2023-12-10 15:17:29.147 [main] ReportManager - Moved the mouse to the middle of the element.
[INFO ] 2023-12-10 15:17:29.362 [main] ReportManager - Click "Receive special offers from our partners!".
[INFO ] 2023-12-10 15:17:29.433 [main] ReportManager - Type "Ahmed" into "First name *".
[INFO ] 2023-12-10 15:17:29.494 [main] ReportManager - Type "Mohamed" into "Last name *".
[INFO ] 2023-12-10 15:17:29.544 [main] ReportManager - Type "Giza" into "Company".
[INFO ] 2023-12-10 15:17:29.600 [main] ReportManager - Type "Address1" into "Address * (Street address, P.O. Box, Company name, etc.)".
[INFO ] 2023-12-10 15:17:29.663 [main] ReportManager - Type "Address2" into "Address 2".
[INFO ] 2023-12-10 15:17:29.711 [main] ReportManager - Setting "skipTestsWithLinkedIssues" property with "true".
[INFO ] 2023-12-10 15:17:30.120 [main] ReportManager - Select "Canada" from "Country *".
[INFO ] 2023-12-10 15:17:30.217 [main] ReportManager - Type "state" into "State *".
[INFO ] 2023-12-10 15:17:30.270 [main] ReportManager - Type "city" into "City *Zipcode *".
[INFO ] 2023-12-10 15:17:30.317 [main] ReportManager - Type "012345" into "By.id: zipcode".
[INFO ] 2023-12-10 15:17:30.387 [main] ReportManager - Type "0123455555" into "Mobile Number *".
[INFO ] 2023-12-10 15:17:31.603 [main] ReportManager - Click "Create Account".
[INFO ] 2023-12-10 15:17:31.605 [main] ReportManager - File Action "DoesFileExist" successfully performed. With the following test data "File Path: "src/test/resources/Test Data/TestData.json"".
[INFO ] 2023-12-10 15:17:31.605 [main] ReportManager - File Action "GetAbsolutePath" successfully performed. With the following test data "Relative Folder Path: "src/test/resources/Test Data/TestData.json"".
[INFO ] 2023-12-10 15:17:32.780 [main] ReportManager - Get text "ACCOUNT CREATED!" from "By.xpath: //b[contains(text(),"Account Created")]".
[INFO ] 2023-12-10 15:17:32.780 [main] ReportManager - Expected "ACCOUNT CREATED!", and actual "ACCOUNT CREATED!"
[INFO ] 2023-12-10 15:17:33.283 [main] ReportManager - Assertion "ValidateElementAttribute" PASSED. Expected "Value Should be 'ACCOUNT CREATED!' for the 'text' attribute, element locator 'By.xpath: //b[contains(text(),"Account Created")]'" and Actual "ACCOUNT CREATED!". Comparison Type "EQUALS". Validation Type "POSITIVE".
[INFO ] 2023-12-10 15:17:33.298 [main] ReportManager - Successfully created attachment 'Screenshot - 1702214253090_test3_ValidateElementAttribute_passed'
[INFO ] 2023-12-10 15:17:33.298 [main] ReportManager - Successfully created attachment 'SHAFT Engine Logs - Current Method log: test3'
[INFO ] 2023-12-10 15:17:33.298 [main] ReportManager - 
[0;7m------------------------------------------------------------------------------------------------------------------------------------------------
                                         Finished Execution of Test Method: 'POMoptimizationShaft.test3'                                         
                                                              Test Status: 'Passed'                                                              
------------------------------------------------------------------------------------------------------------------------------------------------
[0m
[INFO ] 2023-12-10 15:17:33.298 [main] ReportManager - 
[0;7m------------------------------------------------------------------------------------------------------------------------------------------------
                                            Starting execution of close browser configuration method                                            
                                                       'POMoptimizationShaft.closeBrowser'                                                       
------------------------------------------------------------------------------------------------------------------------------------------------
[0m
[INFO ] 2023-12-10 15:17:34.343 [main] ReportManager - Successfully Closed Driver.
[INFO ] 2023-12-10 15:17:34.371 [main] ReportManager - 
[0;7m------------------------------------------------------------------------------------------------------------------------------------------------
                                           Starting execution of engine teardown configuration method                                           
                                        'com.shaft.listeners.internal.ConfigurationHelper.engineTeardown'                                        
------------------------------------------------------------------------------------------------------------------------------------------------
[0m
[INFO ] 2023-12-10 15:17:34.371 [main] ReportManager - Successfully created attachment 'SHAFT Engine Logs - Execution log'
[INFO ] 2023-12-10 15:17:34.371 [main] ReportManager - File Action "DoesFileExist" successfully performed. With the following test data "File Path: "target/logs/log4j.log"".
[INFO ] 2023-12-10 15:17:34.371 [main] ReportManager - File Action "GetAbsolutePath" successfully performed. With the following test data "Relative Folder Path: "target/logs/log4j.log"".
